<?xml version="1.0" encoding="UTF-8"?>
<testsuites>
  <testsuite name="" tests="12" assertions="14" errors="0" warnings="0" failures="0" skipped="0" time="20.663168">
    <testsuite name="Project Test Suite" tests="12" assertions="14" errors="0" warnings="0" failures="0" skipped="0" time="20.663168">
      <testsuite name="App\Tests\ForgottenPasswordTest" file="C:\Users\33605\Desktop\Adil\Wamp Server\T-Boileau\Defi_2-ProducteursAuConsommateur\producteurauconsomateur.com\tests\ForgottenPasswordTest.php" tests="2" assertions="4" errors="0" warnings="0" failures="0" skipped="0" time="8.590020">
        <testsuite name="App\Tests\ForgottenPasswordTest::testSuccessfulForgottenPassword" tests="2" assertions="4" errors="0" warnings="0" failures="0" skipped="0" time="8.590020">
          <testcase name="testSuccessfulForgottenPassword with data set #0" class="App\Tests\ForgottenPasswordTest" classname="App.Tests.ForgottenPasswordTest" file="C:\Users\33605\Desktop\Adil\Wamp Server\T-Boileau\Defi_2-ProducteursAuConsommateur\producteurauconsomateur.com\tests\ForgottenPasswordTest.php" line="27" assertions="2" time="6.322623"/>
          <testcase name="testSuccessfulForgottenPassword with data set #1" class="App\Tests\ForgottenPasswordTest" classname="App.Tests.ForgottenPasswordTest" file="C:\Users\33605\Desktop\Adil\Wamp Server\T-Boileau\Defi_2-ProducteursAuConsommateur\producteurauconsomateur.com\tests\ForgottenPasswordTest.php" line="27" assertions="2" time="2.267397"/>
        </testsuite>
      </testsuite>
      <testsuite name="App\Tests\LoginTest" file="C:\Users\33605\Desktop\Adil\Wamp Server\T-Boileau\Defi_2-ProducteursAuConsommateur\producteurauconsomateur.com\tests\LoginTest.php" tests="2" assertions="2" errors="0" warnings="0" failures="0" skipped="0" time="1.727444">
        <testsuite name="App\Tests\LoginTest::testSuccessfulLogin" tests="2" assertions="2" errors="0" warnings="0" failures="0" skipped="0" time="1.727444">
          <testcase name="testSuccessfulLogin with data set #0" class="App\Tests\LoginTest" classname="App.Tests.LoginTest" file="C:\Users\33605\Desktop\Adil\Wamp Server\T-Boileau\Defi_2-ProducteursAuConsommateur\producteurauconsomateur.com\tests\LoginTest.php" line="25" assertions="1" time="0.791782"/>
          <testcase name="testSuccessfulLogin with data set #1" class="App\Tests\LoginTest" classname="App.Tests.LoginTest" file="C:\Users\33605\Desktop\Adil\Wamp Server\T-Boileau\Defi_2-ProducteursAuConsommateur\producteurauconsomateur.com\tests\LoginTest.php" line="25" assertions="1" time="0.935662"/>
        </testsuite>
      </testsuite>
      <testsuite name="App\Tests\ProductTest" file="C:\Users\33605\Desktop\Adil\Wamp Server\T-Boileau\Defi_2-ProducteursAuConsommateur\producteurauconsomateur.com\tests\ProductTest.php" tests="5" assertions="5" errors="0" warnings="0" failures="0" skipped="0" time="2.775473">
        <testcase name="testSuccessfulProductList" class="App\Tests\ProductTest" classname="App.Tests.ProductTest" file="C:\Users\33605\Desktop\Adil\Wamp Server\T-Boileau\Defi_2-ProducteursAuConsommateur\producteurauconsomateur.com\tests\ProductTest.php" line="24" assertions="1" time="0.287530"/>
        <testcase name="testSuccessfulProductUpdate" class="App\Tests\ProductTest" classname="App.Tests.ProductTest" file="C:\Users\33605\Desktop\Adil\Wamp Server\T-Boileau\Defi_2-ProducteursAuConsommateur\producteurauconsomateur.com\tests\ProductTest.php" line="40" assertions="1" time="0.810137"/>
        <testcase name="testSuccessfulProductCreate" class="App\Tests\ProductTest" classname="App.Tests.ProductTest" file="C:\Users\33605\Desktop\Adil\Wamp Server\T-Boileau\Defi_2-ProducteursAuConsommateur\producteurauconsomateur.com\tests\ProductTest.php" line="75" assertions="1" time="0.807381"/>
        <testcase name="testSuccessfulProducDelete" class="App\Tests\ProductTest" classname="App.Tests.ProductTest" file="C:\Users\33605\Desktop\Adil\Wamp Server\T-Boileau\Defi_2-ProducteursAuConsommateur\producteurauconsomateur.com\tests\ProductTest.php" line="101" assertions="1" time="0.155656"/>
        <testcase name="testSuccessfulProductStock" class="App\Tests\ProductTest" classname="App.Tests.ProductTest" file="C:\Users\33605\Desktop\Adil\Wamp Server\T-Boileau\Defi_2-ProducteursAuConsommateur\producteurauconsomateur.com\tests\ProductTest.php" line="127" assertions="1" time="0.714769"/>
      </testsuite>
      <testsuite name="App\Tests\RegistrationTest" file="C:\Users\33605\Desktop\Adil\Wamp Server\T-Boileau\Defi_2-ProducteursAuConsommateur\producteurauconsomateur.com\tests\RegistrationTest.php" tests="2" assertions="2" errors="0" warnings="0" failures="0" skipped="0" time="2.594460">
        <testsuite name="App\Tests\RegistrationTest::testSuccessfulRegistration" tests="2" assertions="2" errors="0" warnings="0" failures="0" skipped="0" time="2.594460">
          <testcase name="testSuccessfulRegistration with data set #0" class="App\Tests\RegistrationTest" classname="App.Tests.RegistrationTest" file="C:\Users\33605\Desktop\Adil\Wamp Server\T-Boileau\Defi_2-ProducteursAuConsommateur\producteurauconsomateur.com\tests\RegistrationTest.php" line="25" assertions="1" time="1.307174"/>
          <testcase name="testSuccessfulRegistration with data set #1" class="App\Tests\RegistrationTest" classname="App.Tests.RegistrationTest" file="C:\Users\33605\Desktop\Adil\Wamp Server\T-Boileau\Defi_2-ProducteursAuConsommateur\producteurauconsomateur.com\tests\RegistrationTest.php" line="25" assertions="1" time="1.287286"/>
        </testsuite>
      </testsuite>
      <testsuite name="App\Tests\UpdateFarmTest" file="C:\Users\33605\Desktop\Adil\Wamp Server\T-Boileau\Defi_2-ProducteursAuConsommateur\producteurauconsomateur.com\tests\UpdateFarmTest.php" tests="1" assertions="1" errors="0" warnings="0" failures="0" skipped="0" time="4.975771">
        <testcase name="testSuccessfulFarmUpdate" class="App\Tests\UpdateFarmTest" classname="App.Tests.UpdateFarmTest" file="C:\Users\33605\Desktop\Adil\Wamp Server\T-Boileau\Defi_2-ProducteursAuConsommateur\producteurauconsomateur.com\tests\UpdateFarmTest.php" line="22" assertions="1" time="4.975771"/>
      </testsuite>
    </testsuite>
  </testsuite>
</testsuites>
