<?xml version="1.0" encoding="UTF-8"?>
<testsuites>
  <testsuite name="" tests="11" assertions="13" errors="0" warnings="0" failures="0" skipped="0" time="86.163457">
    <testsuite name="Project Test Suite" tests="11" assertions="13" errors="0" warnings="0" failures="0" skipped="0" time="86.163457">
      <testsuite name="App\Tests\ForgottenPasswordTest" file="C:\Users\33605\Desktop\Adil\Wamp Server\T-Boileau\Defi_2-ProducteursAuConsommateur\producteurauconsomateur.com\tests\ForgottenPasswordTest.php" tests="2" assertions="4" errors="0" warnings="0" failures="0" skipped="0" time="71.382389">
        <testsuite name="App\Tests\ForgottenPasswordTest::testSuccessfulForgottenPassword" tests="2" assertions="4" errors="0" warnings="0" failures="0" skipped="0" time="71.382389">
          <testcase name="testSuccessfulForgottenPassword with data set #0" class="App\Tests\ForgottenPasswordTest" classname="App.Tests.ForgottenPasswordTest" file="C:\Users\33605\Desktop\Adil\Wamp Server\T-Boileau\Defi_2-ProducteursAuConsommateur\producteurauconsomateur.com\tests\ForgottenPasswordTest.php" line="27" assertions="2" time="69.372457"/>
          <testcase name="testSuccessfulForgottenPassword with data set #1" class="App\Tests\ForgottenPasswordTest" classname="App.Tests.ForgottenPasswordTest" file="C:\Users\33605\Desktop\Adil\Wamp Server\T-Boileau\Defi_2-ProducteursAuConsommateur\producteurauconsomateur.com\tests\ForgottenPasswordTest.php" line="27" assertions="2" time="2.009931"/>
        </testsuite>
      </testsuite>
      <testsuite name="App\Tests\LoginTest" file="C:\Users\33605\Desktop\Adil\Wamp Server\T-Boileau\Defi_2-ProducteursAuConsommateur\producteurauconsomateur.com\tests\LoginTest.php" tests="2" assertions="2" errors="0" warnings="0" failures="0" skipped="0" time="1.895434">
        <testsuite name="App\Tests\LoginTest::testSuccessfulLogin" tests="2" assertions="2" errors="0" warnings="0" failures="0" skipped="0" time="1.895434">
          <testcase name="testSuccessfulLogin with data set #0" class="App\Tests\LoginTest" classname="App.Tests.LoginTest" file="C:\Users\33605\Desktop\Adil\Wamp Server\T-Boileau\Defi_2-ProducteursAuConsommateur\producteurauconsomateur.com\tests\LoginTest.php" line="25" assertions="1" time="1.094697"/>
          <testcase name="testSuccessfulLogin with data set #1" class="App\Tests\LoginTest" classname="App.Tests.LoginTest" file="C:\Users\33605\Desktop\Adil\Wamp Server\T-Boileau\Defi_2-ProducteursAuConsommateur\producteurauconsomateur.com\tests\LoginTest.php" line="25" assertions="1" time="0.800737"/>
        </testsuite>
      </testsuite>
      <testsuite name="App\Tests\ProductTest" file="C:\Users\33605\Desktop\Adil\Wamp Server\T-Boileau\Defi_2-ProducteursAuConsommateur\producteurauconsomateur.com\tests\ProductTest.php" tests="4" assertions="4" errors="0" warnings="0" failures="0" skipped="0" time="5.145220">
        <testcase name="testSuccessfulProductList" class="App\Tests\ProductTest" classname="App.Tests.ProductTest" file="C:\Users\33605\Desktop\Adil\Wamp Server\T-Boileau\Defi_2-ProducteursAuConsommateur\producteurauconsomateur.com\tests\ProductTest.php" line="24" assertions="1" time="0.678021"/>
        <testcase name="testSuccessfulProductUpdate" class="App\Tests\ProductTest" classname="App.Tests.ProductTest" file="C:\Users\33605\Desktop\Adil\Wamp Server\T-Boileau\Defi_2-ProducteursAuConsommateur\producteurauconsomateur.com\tests\ProductTest.php" line="40" assertions="1" time="2.648210"/>
        <testcase name="testSuccessfulProductCreate" class="App\Tests\ProductTest" classname="App.Tests.ProductTest" file="C:\Users\33605\Desktop\Adil\Wamp Server\T-Boileau\Defi_2-ProducteursAuConsommateur\producteurauconsomateur.com\tests\ProductTest.php" line="75" assertions="1" time="1.649890"/>
        <testcase name="testSuccessfulProducDelete" class="App\Tests\ProductTest" classname="App.Tests.ProductTest" file="C:\Users\33605\Desktop\Adil\Wamp Server\T-Boileau\Defi_2-ProducteursAuConsommateur\producteurauconsomateur.com\tests\ProductTest.php" line="101" assertions="1" time="0.169098"/>
      </testsuite>
      <testsuite name="App\Tests\RegistrationTest" file="C:\Users\33605\Desktop\Adil\Wamp Server\T-Boileau\Defi_2-ProducteursAuConsommateur\producteurauconsomateur.com\tests\RegistrationTest.php" tests="2" assertions="2" errors="0" warnings="0" failures="0" skipped="0" time="3.341017">
        <testsuite name="App\Tests\RegistrationTest::testSuccessfulRegistration" tests="2" assertions="2" errors="0" warnings="0" failures="0" skipped="0" time="3.341017">
          <testcase name="testSuccessfulRegistration with data set #0" class="App\Tests\RegistrationTest" classname="App.Tests.RegistrationTest" file="C:\Users\33605\Desktop\Adil\Wamp Server\T-Boileau\Defi_2-ProducteursAuConsommateur\producteurauconsomateur.com\tests\RegistrationTest.php" line="25" assertions="1" time="1.927016"/>
          <testcase name="testSuccessfulRegistration with data set #1" class="App\Tests\RegistrationTest" classname="App.Tests.RegistrationTest" file="C:\Users\33605\Desktop\Adil\Wamp Server\T-Boileau\Defi_2-ProducteursAuConsommateur\producteurauconsomateur.com\tests\RegistrationTest.php" line="25" assertions="1" time="1.414001"/>
        </testsuite>
      </testsuite>
      <testsuite name="App\Tests\UpdateFarmTest" file="C:\Users\33605\Desktop\Adil\Wamp Server\T-Boileau\Defi_2-ProducteursAuConsommateur\producteurauconsomateur.com\tests\UpdateFarmTest.php" tests="1" assertions="1" errors="0" warnings="0" failures="0" skipped="0" time="4.399398">
        <testcase name="testSuccessfulFarmUpdate" class="App\Tests\UpdateFarmTest" classname="App.Tests.UpdateFarmTest" file="C:\Users\33605\Desktop\Adil\Wamp Server\T-Boileau\Defi_2-ProducteursAuConsommateur\producteurauconsomateur.com\tests\UpdateFarmTest.php" line="22" assertions="1" time="4.399398"/>
      </testsuite>
    </testsuite>
  </testsuite>
</testsuites>
