<?xml version="1.0" encoding="UTF-8"?>
<testsuites>
  <testsuite name="" tests="4" assertions="4" errors="0" warnings="0" failures="0" skipped="0" time="7.734953">
    <testsuite name="Project Test Suite" tests="4" assertions="4" errors="0" warnings="0" failures="0" skipped="0" time="7.734953">
      <testsuite name="App\Tests\LoginTest" file="C:\Users\33605\Desktop\Adil\Wamp Server\T-Boileau\Defi_2-ProducteursAuConsommateur\producteurauconsomateur.com\tests\LoginTest.php" tests="2" assertions="2" errors="0" warnings="0" failures="0" skipped="0" time="4.791892">
        <testsuite name="App\Tests\LoginTest::testSuccessfulLogin" tests="2" assertions="2" errors="0" warnings="0" failures="0" skipped="0" time="4.791892">
          <testcase name="testSuccessfulLogin with data set #0" class="App\Tests\LoginTest" classname="App.Tests.LoginTest" file="C:\Users\33605\Desktop\Adil\Wamp Server\T-Boileau\Defi_2-ProducteursAuConsommateur\producteurauconsomateur.com\tests\LoginTest.php" line="25" assertions="1" time="3.973425"/>
          <testcase name="testSuccessfulLogin with data set #1" class="App\Tests\LoginTest" classname="App.Tests.LoginTest" file="C:\Users\33605\Desktop\Adil\Wamp Server\T-Boileau\Defi_2-ProducteursAuConsommateur\producteurauconsomateur.com\tests\LoginTest.php" line="25" assertions="1" time="0.818468"/>
        </testsuite>
      </testsuite>
      <testsuite name="App\Tests\RegistrationTest" file="C:\Users\33605\Desktop\Adil\Wamp Server\T-Boileau\Defi_2-ProducteursAuConsommateur\producteurauconsomateur.com\tests\RegistrationTest.php" tests="2" assertions="2" errors="0" warnings="0" failures="0" skipped="0" time="2.943060">
        <testsuite name="App\Tests\RegistrationTest::testSuccessfulRegistration" tests="2" assertions="2" errors="0" warnings="0" failures="0" skipped="0" time="2.943060">
          <testcase name="testSuccessfulRegistration with data set #0" class="App\Tests\RegistrationTest" classname="App.Tests.RegistrationTest" file="C:\Users\33605\Desktop\Adil\Wamp Server\T-Boileau\Defi_2-ProducteursAuConsommateur\producteurauconsomateur.com\tests\RegistrationTest.php" line="25" assertions="1" time="1.920120"/>
          <testcase name="testSuccessfulRegistration with data set #1" class="App\Tests\RegistrationTest" classname="App.Tests.RegistrationTest" file="C:\Users\33605\Desktop\Adil\Wamp Server\T-Boileau\Defi_2-ProducteursAuConsommateur\producteurauconsomateur.com\tests\RegistrationTest.php" line="25" assertions="1" time="1.022940"/>
        </testsuite>
      </testsuite>
    </testsuite>
  </testsuite>
</testsuites>
