<?xml version="1.0" encoding="UTF-8"?>
<testsuites>
  <testsuite name="" tests="15" assertions="17" errors="0" warnings="0" failures="0" skipped="0" time="19.353830">
    <testsuite name="Project Test Suite" tests="15" assertions="17" errors="0" warnings="0" failures="0" skipped="0" time="19.353830">
      <testsuite name="App\Tests\FarmTest" file="C:\Users\33605\Desktop\Adil\Wamp Server\T-Boileau\Defi_2-ProducteursAuConsommateur\producteurauconsomateur.com\tests\FarmTest.php" tests="3" assertions="3" errors="0" warnings="0" failures="0" skipped="0" time="6.677292">
        <testcase name="testSuccessfulFarmAll" class="App\Tests\FarmTest" classname="App.Tests.FarmTest" file="C:\Users\33605\Desktop\Adil\Wamp Server\T-Boileau\Defi_2-ProducteursAuConsommateur\producteurauconsomateur.com\tests\FarmTest.php" line="21" assertions="1" time="3.026453"/>
        <testcase name="testSuccessfulFarmShow" class="App\Tests\FarmTest" classname="App.Tests.FarmTest" file="C:\Users\33605\Desktop\Adil\Wamp Server\T-Boileau\Defi_2-ProducteursAuConsommateur\producteurauconsomateur.com\tests\FarmTest.php" line="38" assertions="1" time="0.557389"/>
        <testcase name="testSuccessfulFarmUpdate" class="App\Tests\FarmTest" classname="App.Tests.FarmTest" file="C:\Users\33605\Desktop\Adil\Wamp Server\T-Boileau\Defi_2-ProducteursAuConsommateur\producteurauconsomateur.com\tests\FarmTest.php" line="59" assertions="1" time="3.093450"/>
      </testsuite>
      <testsuite name="App\Tests\ForgottenPasswordTest" file="C:\Users\33605\Desktop\Adil\Wamp Server\T-Boileau\Defi_2-ProducteursAuConsommateur\producteurauconsomateur.com\tests\ForgottenPasswordTest.php" tests="2" assertions="4" errors="0" warnings="0" failures="0" skipped="0" time="4.075327">
        <testsuite name="App\Tests\ForgottenPasswordTest::testSuccessfulForgottenPassword" tests="2" assertions="4" errors="0" warnings="0" failures="0" skipped="0" time="4.075327">
          <testcase name="testSuccessfulForgottenPassword with data set #0" class="App\Tests\ForgottenPasswordTest" classname="App.Tests.ForgottenPasswordTest" file="C:\Users\33605\Desktop\Adil\Wamp Server\T-Boileau\Defi_2-ProducteursAuConsommateur\producteurauconsomateur.com\tests\ForgottenPasswordTest.php" line="27" assertions="2" time="2.424197"/>
          <testcase name="testSuccessfulForgottenPassword with data set #1" class="App\Tests\ForgottenPasswordTest" classname="App.Tests.ForgottenPasswordTest" file="C:\Users\33605\Desktop\Adil\Wamp Server\T-Boileau\Defi_2-ProducteursAuConsommateur\producteurauconsomateur.com\tests\ForgottenPasswordTest.php" line="27" assertions="2" time="1.651130"/>
        </testsuite>
      </testsuite>
      <testsuite name="App\Tests\LoginTest" file="C:\Users\33605\Desktop\Adil\Wamp Server\T-Boileau\Defi_2-ProducteursAuConsommateur\producteurauconsomateur.com\tests\LoginTest.php" tests="2" assertions="2" errors="0" warnings="0" failures="0" skipped="0" time="2.162074">
        <testsuite name="App\Tests\LoginTest::testSuccessfulLogin" tests="2" assertions="2" errors="0" warnings="0" failures="0" skipped="0" time="2.162074">
          <testcase name="testSuccessfulLogin with data set #0" class="App\Tests\LoginTest" classname="App.Tests.LoginTest" file="C:\Users\33605\Desktop\Adil\Wamp Server\T-Boileau\Defi_2-ProducteursAuConsommateur\producteurauconsomateur.com\tests\LoginTest.php" line="25" assertions="1" time="1.216935"/>
          <testcase name="testSuccessfulLogin with data set #1" class="App\Tests\LoginTest" classname="App.Tests.LoginTest" file="C:\Users\33605\Desktop\Adil\Wamp Server\T-Boileau\Defi_2-ProducteursAuConsommateur\producteurauconsomateur.com\tests\LoginTest.php" line="25" assertions="1" time="0.945140"/>
        </testsuite>
      </testsuite>
      <testsuite name="App\Tests\ProductTest" file="C:\Users\33605\Desktop\Adil\Wamp Server\T-Boileau\Defi_2-ProducteursAuConsommateur\producteurauconsomateur.com\tests\ProductTest.php" tests="5" assertions="5" errors="0" warnings="0" failures="0" skipped="0" time="2.597005">
        <testcase name="testSuccessfulProductList" class="App\Tests\ProductTest" classname="App.Tests.ProductTest" file="C:\Users\33605\Desktop\Adil\Wamp Server\T-Boileau\Defi_2-ProducteursAuConsommateur\producteurauconsomateur.com\tests\ProductTest.php" line="24" assertions="1" time="0.271828"/>
        <testcase name="testSuccessfulProductUpdate" class="App\Tests\ProductTest" classname="App.Tests.ProductTest" file="C:\Users\33605\Desktop\Adil\Wamp Server\T-Boileau\Defi_2-ProducteursAuConsommateur\producteurauconsomateur.com\tests\ProductTest.php" line="40" assertions="1" time="0.849582"/>
        <testcase name="testSuccessfulProductCreate" class="App\Tests\ProductTest" classname="App.Tests.ProductTest" file="C:\Users\33605\Desktop\Adil\Wamp Server\T-Boileau\Defi_2-ProducteursAuConsommateur\producteurauconsomateur.com\tests\ProductTest.php" line="75" assertions="1" time="0.699318"/>
        <testcase name="testSuccessfulProducDelete" class="App\Tests\ProductTest" classname="App.Tests.ProductTest" file="C:\Users\33605\Desktop\Adil\Wamp Server\T-Boileau\Defi_2-ProducteursAuConsommateur\producteurauconsomateur.com\tests\ProductTest.php" line="101" assertions="1" time="0.159217"/>
        <testcase name="testSuccessfulProductStock" class="App\Tests\ProductTest" classname="App.Tests.ProductTest" file="C:\Users\33605\Desktop\Adil\Wamp Server\T-Boileau\Defi_2-ProducteursAuConsommateur\producteurauconsomateur.com\tests\ProductTest.php" line="127" assertions="1" time="0.617059"/>
      </testsuite>
      <testsuite name="App\Tests\RegistrationTest" file="C:\Users\33605\Desktop\Adil\Wamp Server\T-Boileau\Defi_2-ProducteursAuConsommateur\producteurauconsomateur.com\tests\RegistrationTest.php" tests="2" assertions="2" errors="0" warnings="0" failures="0" skipped="0" time="2.911379">
        <testsuite name="App\Tests\RegistrationTest::testSuccessfulRegistration" tests="2" assertions="2" errors="0" warnings="0" failures="0" skipped="0" time="2.911379">
          <testcase name="testSuccessfulRegistration with data set #0" class="App\Tests\RegistrationTest" classname="App.Tests.RegistrationTest" file="C:\Users\33605\Desktop\Adil\Wamp Server\T-Boileau\Defi_2-ProducteursAuConsommateur\producteurauconsomateur.com\tests\RegistrationTest.php" line="25" assertions="1" time="1.502319"/>
          <testcase name="testSuccessfulRegistration with data set #1" class="App\Tests\RegistrationTest" classname="App.Tests.RegistrationTest" file="C:\Users\33605\Desktop\Adil\Wamp Server\T-Boileau\Defi_2-ProducteursAuConsommateur\producteurauconsomateur.com\tests\RegistrationTest.php" line="25" assertions="1" time="1.409060"/>
        </testsuite>
      </testsuite>
      <testsuite name="App\Tests\UpdateFarmTest" file="C:\Users\33605\Desktop\Adil\Wamp Server\T-Boileau\Defi_2-ProducteursAuConsommateur\producteurauconsomateur.com\tests\UpdateFarmTest.php" tests="1" assertions="1" errors="0" warnings="0" failures="0" skipped="0" time="0.930752">
        <testcase name="testSuccessfulFarmUpdate" class="App\Tests\UpdateFarmTest" classname="App.Tests.UpdateFarmTest" file="C:\Users\33605\Desktop\Adil\Wamp Server\T-Boileau\Defi_2-ProducteursAuConsommateur\producteurauconsomateur.com\tests\UpdateFarmTest.php" line="22" assertions="1" time="0.930752"/>
      </testsuite>
    </testsuite>
  </testsuite>
</testsuites>
