<?xml version="1.0" encoding="UTF-8"?>
<testsuites>
  <testsuite name="" tests="2" assertions="2" errors="0" warnings="0" failures="0" skipped="0" time="40.839064">
    <testsuite name="Project Test Suite" tests="2" assertions="2" errors="0" warnings="0" failures="0" skipped="0" time="40.839064">
      <testsuite name="App\Tests\RegistrationTest" file="C:\Users\33605\Desktop\Adil\Wamp Server\T-Boileau\Defi_2-ProducteursAuConsommateur\producteurauconsomateur.com\tests\RegistrationTest.php" tests="2" assertions="2" errors="0" warnings="0" failures="0" skipped="0" time="40.839064">
        <testsuite name="App\Tests\RegistrationTest::testSuccessfulRegistration" tests="2" assertions="2" errors="0" warnings="0" failures="0" skipped="0" time="40.839064">
          <testcase name="testSuccessfulRegistration with data set #0" class="App\Tests\RegistrationTest" classname="App.Tests.RegistrationTest" file="C:\Users\33605\Desktop\Adil\Wamp Server\T-Boileau\Defi_2-ProducteursAuConsommateur\producteurauconsomateur.com\tests\RegistrationTest.php" line="25" assertions="1" time="39.415056"/>
          <testcase name="testSuccessfulRegistration with data set #1" class="App\Tests\RegistrationTest" classname="App.Tests.RegistrationTest" file="C:\Users\33605\Desktop\Adil\Wamp Server\T-Boileau\Defi_2-ProducteursAuConsommateur\producteurauconsomateur.com\tests\RegistrationTest.php" line="25" assertions="1" time="1.424007"/>
        </testsuite>
      </testsuite>
    </testsuite>
  </testsuite>
</testsuites>
